# JRE version: Java(TM) SE Runtime Environment (8.0_11-b12) (build 1.8.0_11-b12)
# Java VM: Java HotSpot(TM) 64-Bit Server VM (25.11-b03 mixed mode windows-amd64 compressed oops)
Heap:
 PSYoungGen      total 35840K, used 19332K [0x00000000d5b80000, 0x00000000d8380000, 0x0000000100000000)
  eden space 33792K, 51% used [0x00000000d5b80000,0x00000000d6c65a00,0x00000000d7c80000)
  from space 2048K, 99% used [0x00000000d7f80000,0x00000000d817b7c0,0x00000000d8180000)
  to   space 3072K, 0% used [0x00000000d7c80000,0x00000000d7c80000,0x00000000d7f80000)
 ParOldGen       total 129536K, used 9441K [0x0000000081200000, 0x0000000089080000, 0x00000000d5b80000)
  object space 129536K, 7% used [0x0000000081200000,0x0000000081b38508,0x0000000089080000)
 Metaspace       used 20156K, capacity 20454K, committed 20608K, reserved 1067008K
  class space    used 2549K, capacity 2638K, committed 2688K, reserved 1048576K
GC Heap History (10 events):
Event: 1.253 GC heap before
{Heap before GC invocations=12 (full 0):
 PSYoungGen      total 15360K, used 14096K [0x00000000d5b80000, 0x00000000d7480000, 0x0000000100000000)
  eden space 13312K, 100% used [0x00000000d5b80000,0x00000000d6880000,0x00000000d6880000)
  from space 2048K, 38% used [0x00000000d6880000,0x00000000d6944010,0x00000000d6a80000)
  to   space 2048K, 0% used [0x00000000d7280000,0x00000000d7280000,0x00000000d7480000)
 ParOldGen       total 129536K, used 2806K [0x0000000081200000, 0x0000000089080000, 0x00000000d5b80000)
  object space 129536K, 2% used [0x0000000081200000,0x00000000814bd940,0x0000000089080000)
 Metaspace       used 8113K, capacity 8358K, committed 8576K, reserved 1056768K
  class space    used 972K, capacity 1027K, committed 1152K, reserved 1048576K
Event: 1.254 GC heap after
Heap after GC invocations=12 (full 0):
 PSYoungGen      total 23552K, used 764K [0x00000000d5b80000, 0x00000000d7480000, 0x0000000100000000)
  eden space 21504K, 0% used [0x00000000d5b80000,0x00000000d5b80000,0x00000000d7080000)
  from space 2048K, 37% used [0x00000000d7280000,0x00000000d733f3f8,0x00000000d7480000)
  to   space 2048K, 0% used [0x00000000d7080000,0x00000000d7080000,0x00000000d7280000)
 ParOldGen       total 129536K, used 2887K [0x0000000081200000, 0x0000000089080000, 0x00000000d5b80000)
  object space 129536K, 2% used [0x0000000081200000,0x00000000814d1df8,0x0000000089080000)
 Metaspace       used 8113K, capacity 8358K, committed 8576K, reserved 1056768K
  class space    used 972K, capacity 1027K, committed 1152K, reserved 1048576K
}
Event: 1.608 GC heap before
{Heap before GC invocations=13 (full 0):
 PSYoungGen      total 23552K, used 22268K [0x00000000d5b80000, 0x00000000d7480000, 0x0000000100000000)
  eden space 21504K, 100% used [0x00000000d5b80000,0x00000000d7080000,0x00000000d7080000)
  from space 2048K, 37% used [0x00000000d7280000,0x00000000d733f3f8,0x00000000d7480000)
  to   space 2048K, 0% used [0x00000000d7080000,0x00000000d7080000,0x00000000d7280000)
 ParOldGen       total 129536K, used 2887K [0x0000000081200000, 0x0000000089080000, 0x00000000d5b80000)
  object space 129536K, 2% used [0x0000000081200000,0x00000000814d1df8,0x0000000089080000)
 Metaspace       used 9900K, capacity 10104K, committed 10368K, reserved 1058816K
  class space    used 1227K, capacity 1286K, committed 1408K, reserved 1048576K
Event: 1.612 GC heap after
Heap after GC invocations=13 (full 0):
 PSYoungGen      total 23552K, used 2032K [0x00000000d5b80000, 0x00000000d8180000, 0x0000000100000000)
  eden space 21504K, 0% used [0x00000000d5b80000,0x00000000d5b80000,0x00000000d7080000)
  from space 2048K, 99% used [0x00000000d7080000,0x00000000d727c028,0x00000000d7280000)
  to   space 2048K, 0% used [0x00000000d7f80000,0x00000000d7f80000,0x00000000d8180000)
 ParOldGen       total 129536K, used 3137K [0x0000000081200000, 0x0000000089080000, 0x00000000d5b80000)
  object space 129536K, 2% used [0x0000000081200000,0x0000000081510618,0x0000000089080000)
 Metaspace       used 9900K, capacity 10104K, committed 10368K, reserved 1058816K
  class space    used 1227K, capacity 1286K, committed 1408K, reserved 1048576K
}
Event: 1.883 GC heap before
{Heap before GC invocations=14 (full 0):
 PSYoungGen      total 23552K, used 23536K [0x00000000d5b80000, 0x00000000d8180000, 0x0000000100000000)
  eden space 21504K, 100% used [0x00000000d5b80000,0x00000000d7080000,0x00000000d7080000)
  from space 2048K, 99% used [0x00000000d7080000,0x00000000d727c028,0x00000000d7280000)
  to   space 2048K, 0% used [0x00000000d7f80000,0x00000000d7f80000,0x00000000d8180000)
 ParOldGen       total 129536K, used 3137K [0x0000000081200000, 0x0000000089080000, 0x00000000d5b80000)
  object space 129536K, 2% used [0x0000000081200000,0x00000000815107e0,0x0000000089080000)
 Metaspace       used 13335K, capacity 13560K, committed 13824K, reserved 1060864K
  class space    used 1650K, capacity 1670K, committed 1792K, reserved 1048576K
Event: 1.887 GC heap after
Heap after GC invocations=14 (full 0):
 PSYoungGen      total 35840K, used 2047K [0x00000000d5b80000, 0x00000000d8380000, 0x0000000100000000)
  eden space 33792K, 0% used [0x00000000d5b80000,0x00000000d5b80000,0x00000000d7c80000)
  from space 2048K, 99% used [0x00000000d7f80000,0x00000000d817fc00,0x00000000d8180000)
  to   space 3072K, 0% used [0x00000000d7c80000,0x00000000d7c80000,0x00000000d7f80000)
 ParOldGen       total 129536K, used 4872K [0x0000000081200000, 0x0000000089080000, 0x00000000d5b80000)
  object space 129536K, 3% used [0x0000000081200000,0x00000000816c2010,0x0000000089080000)
 Metaspace       used 13335K, capacity 13560K, committed 13824K, reserved 1060864K
  class space    used 1650K, capacity 1670K, committed 1792K, reserved 1048576K
}
Event: 2.219 GC heap before
{Heap before GC invocations=15 (full 0):
 PSYoungGen      total 35840K, used 35839K [0x00000000d5b80000, 0x00000000d8380000, 0x0000000100000000)
  eden space 33792K, 100% used [0x00000000d5b80000,0x00000000d7c80000,0x00000000d7c80000)
  from space 2048K, 99% used [0x00000000d7f80000,0x00000000d817fc00,0x00000000d8180000)
  to   space 3072K, 0% used [0x00000000d7c80000,0x00000000d7c80000,0x00000000d7f80000)
 ParOldGen       total 129536K, used 4881K [0x0000000081200000, 0x0000000089080000, 0x00000000d5b80000)
  object space 129536K, 3% used [0x0000000081200000,0x00000000816c45e8,0x0000000089080000)
 Metaspace       used 17696K, capacity 18000K, committed 18176K, reserved 1064960K
  class space    used 2204K, capacity 2277K, committed 2304K, reserved 1048576K
Event: 2.225 GC heap after
Heap after GC invocations=15 (full 0):
 PSYoungGen      total 36864K, used 3062K [0x00000000d5b80000, 0x00000000d8380000, 0x0000000100000000)
  eden space 33792K, 0% used [0x00000000d5b80000,0x00000000d5b80000,0x00000000d7c80000)
  from space 3072K, 99% used [0x00000000d7c80000,0x00000000d7f7da48,0x00000000d7f80000)
  to   space 2048K, 0% used [0x00000000d7f80000,0x00000000d7f80000,0x00000000d8180000)
 ParOldGen       total 129536K, used 6950K [0x0000000081200000, 0x0000000089080000, 0x00000000d5b80000)
  object space 129536K, 5% used [0x0000000081200000,0x00000000818c9a38,0x0000000089080000)
 Metaspace       used 17696K, capacity 18000K, committed 18176K, reserved 1064960K
  class space    used 2204K, capacity 2277K, committed 2304K, reserved 1048576K
}
Event: 2.766 GC heap before
{Heap before GC invocations=16 (full 0):
 PSYoungGen      total 36864K, used 36854K [0x00000000d5b80000, 0x00000000d8380000, 0x0000000100000000)
  eden space 33792K, 100% used [0x00000000d5b80000,0x00000000d7c80000,0x00000000d7c80000)
  from space 3072K, 99% used [0x00000000d7c80000,0x00000000d7f7da48,0x00000000d7f80000)
  to   space 2048K, 0% used [0x00000000d7f80000,0x00000000d7f80000,0x00000000d8180000)
 ParOldGen       total 129536K, used 6950K [0x0000000081200000, 0x0000000089080000, 0x00000000d5b80000)
  object space 129536K, 5% used [0x0000000081200000,0x00000000818c9a38,0x0000000089080000)
 Metaspace       used 18830K, capacity 19130K, committed 19328K, reserved 1067008K
  class space    used 2354K, capacity 2412K, committed 2432K, reserved 1048576K
Event: 2.772 GC heap after
Heap after GC invocations=16 (full 0):
 PSYoungGen      total 35840K, used 2029K [0x00000000d5b80000, 0x00000000d8380000, 0x0000000100000000)
  eden space 33792K, 0% used [0x00000000d5b80000,0x00000000d5b80000,0x00000000d7c80000)
  from space 2048K, 99% used [0x00000000d7f80000,0x00000000d817b7c0,0x00000000d8180000)
  to   space 3072K, 0% used [0x00000000d7c80000,0x00000000d7c80000,0x00000000d7f80000)
 ParOldGen       total 129536K, used 9441K [0x0000000081200000, 0x0000000089080000, 0x00000000d5b80000)
  object space 129536K, 7% used [0x0000000081200000,0x0000000081b38508,0x0000000089080000)
 Metaspace       used 18830K, capacity 19130K, committed 19328K, reserved 1067008K
  class space    used 2354K, capacity 2412K, committed 2432K, reserved 1048576K
}

